10:08:15.610 [RMI TCP Connection(3)-127.0.0.1] WARN  ConnectionCreater - Public Key Retrieval is not allowed
10:08:15.642 [RMI TCP Connection(3)-127.0.0.1] WARN  ConnectionCreater - Public Key Retrieval is not allowed
10:08:15.657 [RMI TCP Connection(3)-127.0.0.1] WARN  ConnectionCreater - Public Key Retrieval is not allowed
10:08:15.673 [RMI TCP Connection(3)-127.0.0.1] WARN  ConnectionCreater - Public Key Retrieval is not allowed
10:08:15.673 [RMI TCP Connection(3)-127.0.0.1] WARN  ConnectionCreater - Public Key Retrieval is not allowed
10:08:15.689 [RMI TCP Connection(3)-127.0.0.1] WARN  ConnectionCreater - Public Key Retrieval is not allowed
10:08:15.689 [RMI TCP Connection(3)-127.0.0.1] WARN  ConnectionCreater - Public Key Retrieval is not allowed
10:08:15.704 [RMI TCP Connection(3)-127.0.0.1] WARN  ConnectionCreater - Public Key Retrieval is not allowed
10:08:15.704 [RMI TCP Connection(3)-127.0.0.1] WARN  ConnectionCreater - Public Key Retrieval is not allowed
10:08:15.720 [RMI TCP Connection(3)-127.0.0.1] WARN  ConnectionCreater - Public Key Retrieval is not allowed
10:25:05.408 [RMI TCP Connection(3)-127.0.0.1] WARN  ConnectionCreater - Public Key Retrieval is not allowed
10:25:05.438 [RMI TCP Connection(3)-127.0.0.1] WARN  ConnectionCreater - Public Key Retrieval is not allowed
10:25:05.446 [RMI TCP Connection(3)-127.0.0.1] WARN  ConnectionCreater - Public Key Retrieval is not allowed
10:25:05.446 [RMI TCP Connection(3)-127.0.0.1] WARN  ConnectionCreater - Public Key Retrieval is not allowed
10:25:05.456 [RMI TCP Connection(3)-127.0.0.1] WARN  ConnectionCreater - Public Key Retrieval is not allowed
10:25:05.456 [RMI TCP Connection(3)-127.0.0.1] WARN  ConnectionCreater - Public Key Retrieval is not allowed
10:25:05.456 [RMI TCP Connection(3)-127.0.0.1] WARN  ConnectionCreater - Public Key Retrieval is not allowed
10:25:05.472 [RMI TCP Connection(3)-127.0.0.1] WARN  ConnectionCreater - Public Key Retrieval is not allowed
10:25:05.472 [RMI TCP Connection(3)-127.0.0.1] WARN  ConnectionCreater - Public Key Retrieval is not allowed
10:25:05.488 [RMI TCP Connection(3)-127.0.0.1] WARN  ConnectionCreater - Public Key Retrieval is not allowed
23:29:16.479 [http-nio-8089-exec-10] ERROR by.beerfest.service.impl.ParticipantServiceImpl - Impossible state
23:30:02.925 [http-nio-8089-exec-1] ERROR by.beerfest.service.impl.ParticipantServiceImpl - Impossible state
00:32:18.563 [http-nio-8089-exec-2] DEBUG by.beerfest.filter.RouteFilter - RouteFilter has worked. urlQuery: /beerfest/
00:32:23.967 [http-nio-8089-exec-1] DEBUG by.beerfest.filter.RouteFilter - RouteFilter has worked. urlQuery: /beerfest/
00:32:41.358 [http-nio-8089-exec-4] DEBUG by.beerfest.filter.RouteFilter - RouteFilter has worked. urlQuery: /beerfest/
00:33:47.225 [http-nio-8089-exec-7] DEBUG by.beerfest.filter.RouteFilter - RouteFilter has worked. urlQuery: /beerfest/index
01:02:22.491 [http-nio-8089-exec-1] DEBUG by.beerfest.filter.RouteFilter - RouteFilter has worked. urlQuery: /beerfest/
01:02:25.929 [http-nio-8089-exec-3] DEBUG by.beerfest.filter.RouteFilter - RouteFilter has worked. urlQuery: /beerfest/
00:47:59.339 [http-nio-8089-exec-5] INFO  by.beerfest.service.impl.RegistrationServiceImpl - Account created: User{id=0, email='w@w', password='w', role=null, phoneNumber='+37529 1112233', avatar='undefined_user_avatar.png'}
00:48:11.350 [http-nio-8089-exec-7] INFO  by.beerfest.command.impl.LoginCommand - User(User{id=43, email='w@w', password='w', role=USER, phoneNumber='+37529 1112233', avatar='undefined_user_avatar.png'}) logged in
00:53:32.371 [http-nio-8089-exec-5] INFO  by.beerfest.command.impl.LoginCommand - User(User{id=43, email='w@w', password='w', role=USER, phoneNumber='+37529 1112233', avatar='undefined_user_avatar.png'}) logged in
00:56:53.775 [http-nio-8089-exec-8] INFO  by.beerfest.command.impl.LoginCommand - User(User{id=43, email='w@w', password='w', role=USER, phoneNumber='+37529 1112233', avatar='undefined_user_avatar.png'}) logged in
01:02:53.042 [http-nio-8089-exec-17] INFO  by.beerfest.command.impl.ExitCommand - User with id(43) logged out
01:03:01.116 [http-nio-8089-exec-19] INFO  by.beerfest.command.impl.LoginCommand - User(User{id=7, email='qwe@qwe', password='q', role=ADMIN, phoneNumber='+37529 2783525', avatar='67f264c1-a8e4-4ea4-993d-a1fa369627e2.jpg'}) logged in
01:03:16.136 [http-nio-8089-exec-13] ERROR by.beerfest.repository.PlaceRepository - java.sql.SQLSyntaxErrorException: You have an error in your SQL syntax; check the manual that corresponds to your MySQL server version for the right syntax to use near '='MEDIUM'),2)' at line 1
01:03:16.138 [http-nio-8089-exec-13] ERROR by.beerfest.service.impl.CreateServiceImpl - by.beerfest.repository.RepositoryException: java.sql.SQLSyntaxErrorException: You have an error in your SQL syntax; check the manual that corresponds to your MySQL server version for the right syntax to use near '='MEDIUM'),2)' at line 1
01:03:16.139 [http-nio-8089-exec-13] ERROR by.beerfest.command.impl.CreateCommand - by.beerfest.service.ServiceException: by.beerfest.repository.RepositoryException: java.sql.SQLSyntaxErrorException: You have an error in your SQL syntax; check the manual that corresponds to your MySQL server version for the right syntax to use near '='MEDIUM'),2)' at line 1
01:04:26.278 [http-nio-8089-exec-15] ERROR by.beerfest.repository.PlaceRepository - java.sql.SQLSyntaxErrorException: You have an error in your SQL syntax; check the manual that corresponds to your MySQL server version for the right syntax to use near '='SMALL'),2)' at line 1
01:04:50.161 [http-nio-8089-exec-15] ERROR by.beerfest.service.impl.CreateServiceImpl - by.beerfest.repository.RepositoryException: java.sql.SQLSyntaxErrorException: You have an error in your SQL syntax; check the manual that corresponds to your MySQL server version for the right syntax to use near '='SMALL'),2)' at line 1
01:04:50.170 [http-nio-8089-exec-15] ERROR by.beerfest.command.impl.CreateCommand - by.beerfest.service.ServiceException: by.beerfest.repository.RepositoryException: java.sql.SQLSyntaxErrorException: You have an error in your SQL syntax; check the manual that corresponds to your MySQL server version for the right syntax to use near '='SMALL'),2)' at line 1
01:05:21.575 [http-nio-8089-exec-16] ERROR by.beerfest.repository.PlaceRepository - java.sql.SQLSyntaxErrorException: You have an error in your SQL syntax; check the manual that corresponds to your MySQL server version for the right syntax to use near '='SMALL'),2)' at line 1
01:05:21.584 [http-nio-8089-exec-16] ERROR by.beerfest.service.impl.CreateServiceImpl - by.beerfest.repository.RepositoryException: java.sql.SQLSyntaxErrorException: You have an error in your SQL syntax; check the manual that corresponds to your MySQL server version for the right syntax to use near '='SMALL'),2)' at line 1
01:05:21.586 [http-nio-8089-exec-16] ERROR by.beerfest.command.impl.CreateCommand - by.beerfest.service.ServiceException: by.beerfest.repository.RepositoryException: java.sql.SQLSyntaxErrorException: You have an error in your SQL syntax; check the manual that corresponds to your MySQL server version for the right syntax to use near '='SMALL'),2)' at line 1
01:07:58.912 [http-nio-8089-exec-17] ERROR by.beerfest.repository.PlaceRepository - java.sql.SQLSyntaxErrorException: You have an error in your SQL syntax; check the manual that corresponds to your MySQL server version for the right syntax to use near '='SMALL'),2)' at line 1
01:07:58.919 [http-nio-8089-exec-17] ERROR by.beerfest.service.impl.CreateServiceImpl - by.beerfest.repository.RepositoryException: java.sql.SQLSyntaxErrorException: You have an error in your SQL syntax; check the manual that corresponds to your MySQL server version for the right syntax to use near '='SMALL'),2)' at line 1
01:07:58.921 [http-nio-8089-exec-17] ERROR by.beerfest.command.impl.CreateCommand - by.beerfest.service.ServiceException: by.beerfest.repository.RepositoryException: java.sql.SQLSyntaxErrorException: You have an error in your SQL syntax; check the manual that corresponds to your MySQL server version for the right syntax to use near '='SMALL'),2)' at line 1
01:08:46.500 [http-nio-8089-exec-18] ERROR by.beerfest.repository.PlaceRepository - java.sql.SQLSyntaxErrorException: You have an error in your SQL syntax; check the manual that corresponds to your MySQL server version for the right syntax to use near '='SMALL'),2)' at line 1
01:08:46.513 [http-nio-8089-exec-18] ERROR by.beerfest.service.impl.CreateServiceImpl - by.beerfest.repository.RepositoryException: java.sql.SQLSyntaxErrorException: You have an error in your SQL syntax; check the manual that corresponds to your MySQL server version for the right syntax to use near '='SMALL'),2)' at line 1
01:08:46.515 [http-nio-8089-exec-18] ERROR by.beerfest.command.impl.CreateCommand - by.beerfest.service.ServiceException: by.beerfest.repository.RepositoryException: java.sql.SQLSyntaxErrorException: You have an error in your SQL syntax; check the manual that corresponds to your MySQL server version for the right syntax to use near '='SMALL'),2)' at line 1
01:09:17.681 [http-nio-8089-exec-11] INFO  by.beerfest.service.impl.CreateServiceImpl - Place(Территория №0 Места = 2, размер = Маленький) created
01:10:11.551 [http-nio-8089-exec-20] INFO  by.beerfest.command.impl.ExitCommand - User with id(7) logged out
01:10:18.736 [http-nio-8089-exec-14] INFO  by.beerfest.command.impl.LoginCommand - User(User{id=43, email='w@w', password='w', role=USER, phoneNumber='+37529 1112233', avatar='undefined_user_avatar.png'}) logged in
01:10:45.668 [http-nio-8089-exec-16] ERROR by.beerfest.service.impl.ParticipantServiceImpl - Impossible state
01:11:14.420 [http-nio-8089-exec-17] ERROR by.beerfest.service.impl.ParticipantServiceImpl - Impossible state
01:13:50.437 [http-nio-8089-exec-5] INFO  by.beerfest.command.impl.LoginCommand - User(User{id=43, email='w@w', password='w', role=USER, phoneNumber='+37529 1112233', avatar='undefined_user_avatar.png'}) logged in
01:13:50.435 [http-nio-8089-exec-6] INFO  by.beerfest.command.impl.LoginCommand - User(User{id=43, email='w@w', password='w', role=USER, phoneNumber='+37529 1112233', avatar='undefined_user_avatar.png'}) logged in
01:14:03.175 [http-nio-8089-exec-9] ERROR by.beerfest.service.impl.ParticipantServiceImpl - Impossible state
01:17:38.436 [http-nio-8089-exec-1] ERROR by.beerfest.service.impl.ParticipantServiceImpl - Impossible state
01:18:10.721 [http-nio-8089-exec-2] INFO  by.beerfest.command.impl.LoginCommand - User(User{id=43, email='w@w', password='w', role=USER, phoneNumber='+37529 1112233', avatar='undefined_user_avatar.png'}) logged in
01:18:21.716 [http-nio-8089-exec-1] ERROR by.beerfest.service.impl.ParticipantServiceImpl - Impossible state
01:21:47.178 [http-nio-8089-exec-11] ERROR by.beerfest.service.impl.ParticipantServiceImpl - Impossible state
01:21:52.805 [http-nio-8089-exec-13] ERROR by.beerfest.service.impl.ParticipantServiceImpl - Impossible state
01:22:57.996 [http-nio-8089-exec-5] INFO  by.beerfest.command.impl.LoginCommand - User(User{id=43, email='w@w', password='w', role=USER, phoneNumber='+37529 1112233', avatar='undefined_user_avatar.png'}) logged in
01:23:05.945 [http-nio-8089-exec-8] ERROR by.beerfest.service.impl.ParticipantServiceImpl - Impossible state
01:25:49.623 [http-nio-8089-exec-10] ERROR by.beerfest.service.impl.ParticipantServiceImpl - Impossible state
01:26:54.400 [http-nio-8089-exec-1] INFO  by.beerfest.service.impl.ParticipantServiceImpl - Participant registered: User{id=43, email='null', password='null', role=null, phoneNumber='null', avatar='null'}
18:53:43.026 [http-nio-8089-exec-4] INFO  by.beerfest.service.impl.RegistrationServiceImpl - Account created: User{id=0, email='r@r', password='r', role=null, phoneNumber='+37529 2783525', avatar='undefined_user_avatar.png'}
18:53:52.309 [http-nio-8089-exec-6] INFO  by.beerfest.command.impl.LoginCommand - User(User{id=44, email='r@r', password='r', role=USER, phoneNumber='+37529 2783525', avatar='undefined_user_avatar.png'}) logged in
18:55:24.376 [http-nio-8089-exec-3] INFO  by.beerfest.command.impl.LoginCommand - User(User{id=44, email='r@r', password='r', role=USER, phoneNumber='+37529 2783525', avatar='ff70a206-275d-40fa-b3fd-91fb2425845e.jpg'}) logged in
19:38:48.036 [http-nio-8089-exec-3] INFO  by.beerfest.service.impl.RegistrationServiceImpl - Account created: User{id=0, email='ilya@ilya', password='q', role=null, phoneNumber='+37529 1111111', avatar='undefined_user_avatar.png'}
19:38:58.686 [http-nio-8089-exec-10] INFO  by.beerfest.command.impl.LoginCommand - User(User{id=45, email='ilya@ilya', password='q', role=USER, phoneNumber='+37529 1111111', avatar='undefined_user_avatar.png'}) logged in
19:43:12.020 [http-nio-8089-exec-7] INFO  by.beerfest.command.impl.ExitCommand - User with id(45) logged out
19:43:22.303 [http-nio-8089-exec-4] INFO  by.beerfest.command.impl.LoginCommand - User(User{id=7, email='qwe@qwe', password='q', role=ADMIN, phoneNumber='+37529 2783525', avatar='67f264c1-a8e4-4ea4-993d-a1fa369627e2.jpg'}) logged in
19:43:44.388 [http-nio-8089-exec-3] INFO  by.beerfest.service.impl.CreateServiceImpl - Place(Территория №0 Места = 2, размер = Средний) created
19:43:47.209 [http-nio-8089-exec-1] INFO  by.beerfest.command.impl.ExitCommand - User with id(7) logged out
19:43:55.679 [http-nio-8089-exec-9] INFO  by.beerfest.command.impl.LoginCommand - User(User{id=45, email='ilya@ilya', password='q', role=USER, phoneNumber='+37529 1211111', avatar='129c241a-c53e-4d1a-97b0-7ac8ac314075.jpg'}) logged in
19:44:11.396 [http-nio-8089-exec-6] INFO  by.beerfest.service.impl.ParticipantServiceImpl - Participant registered: User{id=45, email='null', password='null', role=null, phoneNumber='null', avatar='null'}
19:44:34.498 [http-nio-8089-exec-5] INFO  by.beerfest.command.impl.ExitCommand - User with id(45) logged out
19:44:39.713 [http-nio-8089-exec-1] INFO  by.beerfest.command.impl.LoginCommand - User(User{id=7, email='qwe@qwe', password='q', role=ADMIN, phoneNumber='+37529 2783525', avatar='67f264c1-a8e4-4ea4-993d-a1fa369627e2.jpg'}) logged in
19:44:58.866 [http-nio-8089-exec-7] INFO  by.beerfest.command.impl.ExitCommand - User with id(7) logged out
19:45:08.683 [http-nio-8089-exec-4] INFO  by.beerfest.command.impl.LoginCommand - User(User{id=44, email='r@r', password='r', role=USER, phoneNumber='+37529 2783525', avatar='ff70a206-275d-40fa-b3fd-91fb2425845e.jpg'}) logged in
19:54:31.306 [http-nio-8089-exec-6] INFO  by.beerfest.service.impl.TicketServiceImpl - User(id: 44) booked tickets: default ticket: 1, medium ticket: 0, large ticket: 0
00:23:23.379 [http-nio-8089-exec-9] INFO  by.beerfest.command.impl.LoginCommand - User(User{id=44, email='r@r', password='r', role=GUEST, phoneNumber='+37529 2783525', avatar='ff70a206-275d-40fa-b3fd-91fb2425845e.jpg'}) logged in
00:25:22.742 [http-nio-8089-exec-3] INFO  by.beerfest.command.impl.LoginCommand - User(User{id=44, email='r@r', password='r', role=GUEST, phoneNumber='+37529 2783525', avatar='ff70a206-275d-40fa-b3fd-91fb2425845e.jpg'}) logged in
00:25:32.551 [http-nio-8089-exec-6] INFO  by.beerfest.command.impl.LoginCommand - User(User{id=44, email='r@r', password='r', role=GUEST, phoneNumber='+37529 2783525', avatar='ff70a206-275d-40fa-b3fd-91fb2425845e.jpg'}) logged in
00:28:21.444 [http-nio-8089-exec-6] INFO  by.beerfest.command.impl.LoginCommand - User(User{id=44, email='r@r', password='r', role=GUEST, phoneNumber='+37529 2783525', avatar='ff70a206-275d-40fa-b3fd-91fb2425845e.jpg'}) logged in
00:30:28.158 [http-nio-8089-exec-9] INFO  by.beerfest.command.impl.LoginCommand - User(User{id=44, email='r@r', password='r', role=GUEST, phoneNumber='+37529 2783525', avatar='ff70a206-275d-40fa-b3fd-91fb2425845e.jpg'}) logged in
00:31:49.294 [http-nio-8089-exec-4] INFO  by.beerfest.command.impl.LoginCommand - User(User{id=44, email='r@r', password='r', role=GUEST, phoneNumber='+37529 2783525', avatar='ff70a206-275d-40fa-b3fd-91fb2425845e.jpg'}) logged in
00:35:26.139 [http-nio-8089-exec-10] INFO  by.beerfest.command.impl.LoginCommand - User(User{id=44, email='r@r', password='r', role=GUEST, phoneNumber='+37529 2783525', avatar='ff70a206-275d-40fa-b3fd-91fb2425845e.jpg'}) logged in
00:35:37.619 [http-nio-8089-exec-2] INFO  by.beerfest.command.impl.ExitCommand - User with id(44) logged out
00:52:02.201 [http-nio-8089-exec-5] INFO  by.beerfest.command.impl.LoginCommand - User(User{id=44, email='r@r', password='r', role=GUEST, phoneNumber='+37529 2783525', avatar='ff70a206-275d-40fa-b3fd-91fb2425845e.jpg'}) logged in
00:53:25.820 [http-nio-8089-exec-1] INFO  by.beerfest.command.impl.ExitCommand - User with id(44) logged out
00:53:36.228 [http-nio-8089-exec-4] INFO  by.beerfest.command.impl.LoginCommand - User(User{id=44, email='r@r', password='r', role=GUEST, phoneNumber='+37529 2783525', avatar='ff70a206-275d-40fa-b3fd-91fb2425845e.jpg'}) logged in
00:53:44.485 [http-nio-8089-exec-8] INFO  by.beerfest.command.impl.ExitCommand - User with id(44) logged out
00:53:54.565 [http-nio-8089-exec-1] INFO  by.beerfest.command.impl.LoginCommand - User(User{id=44, email='r@r', password='r', role=GUEST, phoneNumber='+37529 2783525', avatar='ff70a206-275d-40fa-b3fd-91fb2425845e.jpg'}) logged in
07:33:28.895 [RMI TCP Connection(5)-127.0.0.1] ERROR by.beerfest.pool.ConnectionCreater - com.mysql.cj.jdbc.exceptions.CommunicationsException: Communications link failure

The last packet sent successfully to the server was 0 milliseconds ago. The driver has not received any packets from the server.
07:33:38.148 [RMI TCP Connection(5)-127.0.0.1] ERROR by.beerfest.pool.ConnectionCreater - com.mysql.cj.jdbc.exceptions.CommunicationsException: Communications link failure

The last packet sent successfully to the server was 0 milliseconds ago. The driver has not received any packets from the server.
07:33:46.847 [RMI TCP Connection(5)-127.0.0.1] ERROR by.beerfest.pool.ConnectionCreater - com.mysql.cj.jdbc.exceptions.CommunicationsException: Communications link failure

The last packet sent successfully to the server was 0 milliseconds ago. The driver has not received any packets from the server.
07:33:55.478 [RMI TCP Connection(5)-127.0.0.1] ERROR by.beerfest.pool.ConnectionCreater - com.mysql.cj.jdbc.exceptions.CommunicationsException: Communications link failure

The last packet sent successfully to the server was 0 milliseconds ago. The driver has not received any packets from the server.
07:34:04.278 [RMI TCP Connection(5)-127.0.0.1] ERROR by.beerfest.pool.ConnectionCreater - com.mysql.cj.jdbc.exceptions.CommunicationsException: Communications link failure

The last packet sent successfully to the server was 0 milliseconds ago. The driver has not received any packets from the server.
07:34:12.435 [RMI TCP Connection(5)-127.0.0.1] ERROR by.beerfest.pool.ConnectionCreater - com.mysql.cj.jdbc.exceptions.CommunicationsException: Communications link failure

The last packet sent successfully to the server was 0 milliseconds ago. The driver has not received any packets from the server.
07:34:20.454 [RMI TCP Connection(5)-127.0.0.1] ERROR by.beerfest.pool.ConnectionCreater - com.mysql.cj.jdbc.exceptions.CommunicationsException: Communications link failure

The last packet sent successfully to the server was 0 milliseconds ago. The driver has not received any packets from the server.
07:34:28.485 [RMI TCP Connection(5)-127.0.0.1] ERROR by.beerfest.pool.ConnectionCreater - com.mysql.cj.jdbc.exceptions.CommunicationsException: Communications link failure

The last packet sent successfully to the server was 0 milliseconds ago. The driver has not received any packets from the server.
07:34:36.514 [RMI TCP Connection(5)-127.0.0.1] ERROR by.beerfest.pool.ConnectionCreater - com.mysql.cj.jdbc.exceptions.CommunicationsException: Communications link failure

The last packet sent successfully to the server was 0 milliseconds ago. The driver has not received any packets from the server.
07:34:44.538 [RMI TCP Connection(5)-127.0.0.1] ERROR by.beerfest.pool.ConnectionCreater - com.mysql.cj.jdbc.exceptions.CommunicationsException: Communications link failure

The last packet sent successfully to the server was 0 milliseconds ago. The driver has not received any packets from the server.
07:38:50.844 [RMI TCP Connection(5)-127.0.0.1] ERROR by.beerfest.pool.ConnectionCreater - com.mysql.cj.jdbc.exceptions.CommunicationsException: Communications link failure

The last packet sent successfully to the server was 0 milliseconds ago. The driver has not received any packets from the server.
07:38:58.905 [RMI TCP Connection(5)-127.0.0.1] ERROR by.beerfest.pool.ConnectionCreater - com.mysql.cj.jdbc.exceptions.CommunicationsException: Communications link failure

The last packet sent successfully to the server was 0 milliseconds ago. The driver has not received any packets from the server.
07:39:06.935 [RMI TCP Connection(5)-127.0.0.1] ERROR by.beerfest.pool.ConnectionCreater - com.mysql.cj.jdbc.exceptions.CommunicationsException: Communications link failure

The last packet sent successfully to the server was 0 milliseconds ago. The driver has not received any packets from the server.
07:39:14.960 [RMI TCP Connection(5)-127.0.0.1] ERROR by.beerfest.pool.ConnectionCreater - com.mysql.cj.jdbc.exceptions.CommunicationsException: Communications link failure

The last packet sent successfully to the server was 0 milliseconds ago. The driver has not received any packets from the server.
07:39:22.988 [RMI TCP Connection(5)-127.0.0.1] ERROR by.beerfest.pool.ConnectionCreater - com.mysql.cj.jdbc.exceptions.CommunicationsException: Communications link failure

The last packet sent successfully to the server was 0 milliseconds ago. The driver has not received any packets from the server.
07:39:31.009 [RMI TCP Connection(5)-127.0.0.1] ERROR by.beerfest.pool.ConnectionCreater - com.mysql.cj.jdbc.exceptions.CommunicationsException: Communications link failure

The last packet sent successfully to the server was 0 milliseconds ago. The driver has not received any packets from the server.
07:39:39.044 [RMI TCP Connection(5)-127.0.0.1] ERROR by.beerfest.pool.ConnectionCreater - com.mysql.cj.jdbc.exceptions.CommunicationsException: Communications link failure

The last packet sent successfully to the server was 0 milliseconds ago. The driver has not received any packets from the server.
07:39:47.090 [RMI TCP Connection(5)-127.0.0.1] ERROR by.beerfest.pool.ConnectionCreater - com.mysql.cj.jdbc.exceptions.CommunicationsException: Communications link failure

The last packet sent successfully to the server was 0 milliseconds ago. The driver has not received any packets from the server.
07:39:55.130 [RMI TCP Connection(5)-127.0.0.1] ERROR by.beerfest.pool.ConnectionCreater - com.mysql.cj.jdbc.exceptions.CommunicationsException: Communications link failure

The last packet sent successfully to the server was 0 milliseconds ago. The driver has not received any packets from the server.
07:40:03.179 [RMI TCP Connection(5)-127.0.0.1] ERROR by.beerfest.pool.ConnectionCreater - com.mysql.cj.jdbc.exceptions.CommunicationsException: Communications link failure

The last packet sent successfully to the server was 0 milliseconds ago. The driver has not received any packets from the server.
07:42:38.164 [http-nio-8089-exec-9] INFO  by.beerfest.command.impl.LoginCommand - User(User{id=44, email='r@r', password='r', role=GUEST, phoneNumber='+37529 2783525', avatar='ff70a206-275d-40fa-b3fd-91fb2425845e.jpg'}) logged in
07:42:44.006 [http-nio-8089-exec-2] INFO  by.beerfest.command.impl.ExitCommand - User with id(44) logged out
10:29:17.049 [http-nio-8089-exec-2] INFO  by.beerfest.service.impl.RegistrationServiceImpl - Account created: User{id=0, email='e@e', password='e', role=null, phoneNumber='+37529 1112233', avatar='undefined_user_avatar.png'}
10:29:51.060 [http-nio-8089-exec-6] INFO  by.beerfest.command.impl.LoginCommand - User{id=46, email='e@e', password='e', role=USER, phoneNumber='+37529 1112233', avatar='undefined_user_avatar.png'} logged in
10:33:25.894 [http-nio-8089-exec-3] INFO  by.beerfest.service.impl.ParticipantServiceImpl - Participant registered: User{id=46, email='null', password='null', role=null, phoneNumber='null', avatar='null'}
10:33:56.187 [http-nio-8089-exec-7] INFO  by.beerfest.command.impl.ExitCommand - User with id(46) logged out
10:34:05.675 [http-nio-8089-exec-9] INFO  by.beerfest.command.impl.LoginCommand - User{id=7, email='qwe@qwe', password='q', role=ADMIN, phoneNumber='+37529 2783525', avatar='67f264c1-a8e4-4ea4-993d-a1fa369627e2.jpg'} logged in
10:38:39.265 [http-nio-8089-exec-6] INFO  by.beerfest.command.impl.ExitCommand - User with id(7) logged out
10:38:46.290 [http-nio-8089-exec-8] INFO  by.beerfest.command.impl.LoginCommand - User{id=46, email='e@e', password='e', role=USER, phoneNumber='+37529 1112233', avatar='undefined_user_avatar.png'} logged in
10:38:52.945 [http-nio-8089-exec-10] INFO  by.beerfest.service.impl.ParticipantServiceImpl - Participant registered: User{id=46, email='null', password='null', role=null, phoneNumber='null', avatar='null'}
10:38:53.722 [http-nio-8089-exec-1] INFO  by.beerfest.command.impl.ExitCommand - User with id(46) logged out
10:38:59.198 [http-nio-8089-exec-3] INFO  by.beerfest.command.impl.LoginCommand - User{id=7, email='qwe@qwe', password='q', role=ADMIN, phoneNumber='+37529 2783525', avatar='67f264c1-a8e4-4ea4-993d-a1fa369627e2.jpg'} logged in
10:39:13.185 [http-nio-8089-exec-6] INFO  by.beerfest.command.impl.ExitCommand - User with id(7) logged out
10:39:23.333 [http-nio-8089-exec-9] INFO  by.beerfest.command.impl.LoginCommand - User{id=46, email='e@e', password='e', role=USER, phoneNumber='+37529 1112233', avatar='undefined_user_avatar.png'} logged in
10:39:30.146 [http-nio-8089-exec-1] INFO  by.beerfest.service.impl.ParticipantServiceImpl - Participant registered: User{id=46, email='null', password='null', role=null, phoneNumber='null', avatar='null'}
10:39:30.895 [http-nio-8089-exec-2] INFO  by.beerfest.command.impl.ExitCommand - User with id(46) logged out
10:39:35.147 [http-nio-8089-exec-4] INFO  by.beerfest.command.impl.LoginCommand - User{id=7, email='qwe@qwe', password='q', role=ADMIN, phoneNumber='+37529 2783525', avatar='67f264c1-a8e4-4ea4-993d-a1fa369627e2.jpg'} logged in
11:44:57.782 [http-nio-8089-exec-5] INFO  by.beerfest.command.impl.LoginCommand - User{id=7, email='qwe@qwe', password='q', role=ADMIN, phoneNumber='+37529 2783525', avatar='67f264c1-a8e4-4ea4-993d-a1fa369627e2.jpg'} logged in
11:45:04.622 [http-nio-8089-exec-7] INFO  by.beerfest.service.impl.CreateServiceImpl - Place(Территория №0 Места = 2, размер = Маленький) created
11:45:07.087 [http-nio-8089-exec-8] INFO  by.beerfest.service.impl.CreateServiceImpl - Place(Территория №0 Места = 2, размер = Большой) created
11:45:09.131 [http-nio-8089-exec-9] INFO  by.beerfest.service.impl.CreateServiceImpl - Place(Территория №0 Места = 2, размер = Средний) created
11:45:11.243 [http-nio-8089-exec-10] INFO  by.beerfest.service.impl.CreateServiceImpl - Place(Территория №0 Места = 1, размер = Маленький) created
11:45:12.963 [http-nio-8089-exec-1] INFO  by.beerfest.service.impl.CreateServiceImpl - Place(Территория №0 Места = 1, размер = Большой) created
11:45:14.508 [http-nio-8089-exec-2] INFO  by.beerfest.command.impl.ExitCommand - User with id(7) logged out
11:45:22.679 [http-nio-8089-exec-4] INFO  by.beerfest.service.impl.RegistrationServiceImpl - Account created: User{id=0, email='a@a', password='a', role=null, phoneNumber='+37529 1112233', avatar='undefined_user_avatar.png'}
11:45:27.738 [http-nio-8089-exec-6] INFO  by.beerfest.command.impl.LoginCommand - User{id=47, email='a@a', password='a', role=USER, phoneNumber='+37529 1112233', avatar='undefined_user_avatar.png'} logged in
11:45:36.638 [http-nio-8089-exec-8] INFO  by.beerfest.service.impl.ParticipantServiceImpl - Participant registered: User{id=47, email='null', password='null', role=null, phoneNumber='null', avatar='null'}
11:45:38.356 [http-nio-8089-exec-9] INFO  by.beerfest.command.impl.ExitCommand - User with id(47) logged out
11:45:46.009 [http-nio-8089-exec-2] INFO  by.beerfest.service.impl.RegistrationServiceImpl - Account created: User{id=0, email='s@s', password='s', role=null, phoneNumber='+37529 1112233', avatar='undefined_user_avatar.png'}
11:45:50.166 [http-nio-8089-exec-4] INFO  by.beerfest.command.impl.LoginCommand - User{id=48, email='s@s', password='s', role=USER, phoneNumber='+37529 1112233', avatar='undefined_user_avatar.png'} logged in
11:45:54.537 [http-nio-8089-exec-6] INFO  by.beerfest.service.impl.ParticipantServiceImpl - Participant registered: User{id=48, email='null', password='null', role=null, phoneNumber='null', avatar='null'}
11:45:56.009 [http-nio-8089-exec-7] INFO  by.beerfest.command.impl.ExitCommand - User with id(48) logged out
11:46:01.654 [http-nio-8089-exec-9] INFO  by.beerfest.service.impl.RegistrationServiceImpl - Account created: User{id=0, email='d@d', password='d', role=null, phoneNumber='+37529 1112233', avatar='undefined_user_avatar.png'}
11:46:06.631 [http-nio-8089-exec-1] INFO  by.beerfest.command.impl.LoginCommand - User{id=49, email='d@d', password='d', role=USER, phoneNumber='+37529 1112233', avatar='undefined_user_avatar.png'} logged in
11:46:11.838 [http-nio-8089-exec-3] INFO  by.beerfest.service.impl.ParticipantServiceImpl - Participant registered: User{id=49, email='null', password='null', role=null, phoneNumber='null', avatar='null'}
11:46:13.264 [http-nio-8089-exec-4] INFO  by.beerfest.command.impl.ExitCommand - User with id(49) logged out
11:46:18.330 [http-nio-8089-exec-6] INFO  by.beerfest.command.impl.LoginCommand - User{id=7, email='qwe@qwe', password='q', role=ADMIN, phoneNumber='+37529 2783525', avatar='67f264c1-a8e4-4ea4-993d-a1fa369627e2.jpg'} logged in
11:49:31.420 [http-nio-8089-exec-5] INFO  by.beerfest.command.impl.LoginCommand - User{id=7, email='qwe@qwe', password='q', role=ADMIN, phoneNumber='+37529 2783525', avatar='67f264c1-a8e4-4ea4-993d-a1fa369627e2.jpg'} logged in
18:44:57.550 [RMI TCP Connection(3)-127.0.0.1] ERROR by.beerfest.pool.ConnectionCreater - java.sql.SQLNonTransientConnectionException: Cannot load connection class because of underlying exception: com.mysql.cj.exceptions.WrongArgumentException: Malformed database URL, failed to parse the main URL sections.
18:46:49.575 [RMI TCP Connection(4)-127.0.0.1] ERROR by.beerfest.pool.ConnectionCreater - java.sql.SQLNonTransientConnectionException: Cannot load connection class because of underlying exception: com.mysql.cj.exceptions.WrongArgumentException: Malformed database URL, failed to parse the main URL sections.
18:48:53.894 [RMI TCP Connection(3)-127.0.0.1] ERROR by.beerfest.pool.ConnectionCreater - java.sql.SQLNonTransientConnectionException: Cannot load connection class because of underlying exception: com.mysql.cj.exceptions.WrongArgumentException: Malformed database URL, failed to parse the main URL sections.
18:49:56.688 [RMI TCP Connection(3)-127.0.0.1] ERROR by.beerfest.pool.ConnectionCreater - java.sql.SQLNonTransientConnectionException: Cannot load connection class because of underlying exception: com.mysql.cj.exceptions.WrongArgumentException: Malformed database URL, failed to parse the main URL sections.
18:51:00.548 [RMI TCP Connection(3)-127.0.0.1] ERROR by.beerfest.pool.ConnectionCreater - java.sql.SQLException: Access denied for user 'root;'@'localhost' (using password: YES)
18:53:07.027 [RMI TCP Connection(4)-127.0.0.1] ERROR by.beerfest.pool.ConnectionCreater - java.sql.SQLException: Access denied for user 'root;'@'localhost' (using password: YES)
19:40:46.874 [http-nio-8089-exec-7] INFO  by.beerfest.service.impl.RegistrationServiceImpl - Account created: User{id=0, email='g@g', password='g', role=null, phoneNumber='+37529 1112233', avatar='undefined_user_avatar.png'}
19:40:51.901 [http-nio-8089-exec-8] INFO  by.beerfest.command.impl.LoginCommand - User{id=50, email='g@g', password='g', role=USER, phoneNumber='+37529 1112233', avatar='undefined_user_avatar.png'} logged in
19:41:02.572 [http-nio-8089-exec-2] INFO  by.beerfest.command.impl.ExitCommand - User with id(50) logged out
19:42:00.711 [http-nio-8089-exec-6] INFO  by.beerfest.command.impl.LoginCommand - User{id=7, email='qwe@qwe', password='q', role=ADMIN, phoneNumber='+37529 2783525', avatar='67f264c1-a8e4-4ea4-993d-a1fa369627e2.jpg'} logged in
19:58:13.477 [http-nio-8089-exec-15] INFO  by.beerfest.command.impl.ExitCommand - User with id(null) logged out
19:58:24.755 [http-nio-8089-exec-7] INFO  by.beerfest.command.impl.LoginCommand - User{id=7, email='qwe@qwe', password='q', role=ADMIN, phoneNumber='+37529 2783525', avatar='67f264c1-a8e4-4ea4-993d-a1fa369627e2.jpg'} logged in
20:00:07.167 [http-nio-8089-exec-6] INFO  by.beerfest.command.impl.LoginCommand - User{id=7, email='qwe@qwe', password='q', role=ADMIN, phoneNumber='+37529 2783525', avatar='67f264c1-a8e4-4ea4-993d-a1fa369627e2.jpg'} logged in
00:05:38.562 [http-nio-8089-exec-7] INFO  by.beerfest.command.impl.LoginCommand - User{id=7, email='qwe@qwe', password='q', role=ADMIN, phoneNumber='+37529 2783525', avatar='67f264c1-a8e4-4ea4-993d-a1fa369627e2.jpg'} logged in
00:05:55.361 [http-nio-8089-exec-5] INFO  by.beerfest.command.impl.ExitCommand - User with id(7) logged out
00:06:00.307 [http-nio-8089-exec-7] INFO  by.beerfest.command.impl.LoginCommand - User{id=49, email='d@d', password='d', role=USER, phoneNumber='+37529 1112233', avatar='undefined_user_avatar.png'} logged in
00:22:23.815 [http-nio-8089-exec-6] INFO  by.beerfest.command.impl.LoginCommand - User{id=49, email='d@d', password='d', role=USER, phoneNumber='+37529 1112233', avatar='undefined_user_avatar.png'} logged in
00:22:26.421 [http-nio-8089-exec-9] ERROR by.beerfest.command.impl.ToParticipantCommand - by.beerfest.service.ServiceException: by.beerfest.repository.RepositoryException: java.sql.SQLSyntaxErrorException: Unknown column 'beertype' in 'field list'
00:23:50.923 [http-nio-8089-exec-10] ERROR by.beerfest.command.impl.ToParticipantCommand - by.beerfest.service.ServiceException: by.beerfest.repository.RepositoryException: java.sql.SQLSyntaxErrorException: Unknown column 'beertype' in 'field list'
01:28:10.804 [http-nio-8089-exec-8] INFO  by.beerfest.command.impl.LoginCommand - User{id=48, email='s@s', password='s', role=USER, phoneNumber='+37529 1112233', avatar='undefined_user_avatar.png'} logged in
01:29:05.290 [http-nio-8089-exec-1] INFO  by.beerfest.service.impl.ParticipantServiceImpl - Participant registered: User{id=48, email='null', password='null', role=null, phoneNumber='null', avatar='null'}
01:29:13.643 [http-nio-8089-exec-3] INFO  by.beerfest.command.impl.ExitCommand - User with id(48) logged out
01:29:19.945 [http-nio-8089-exec-6] INFO  by.beerfest.command.impl.LoginCommand - User{id=7, email='qwe@qwe', password='q', role=ADMIN, phoneNumber='+37529 2783525', avatar='67f264c1-a8e4-4ea4-993d-a1fa369627e2.jpg'} logged in
01:33:06.991 [http-nio-8089-exec-1] ERROR by.beerfest.command.impl.DeclineVerificationCommand - by.beerfest.service.ServiceException: by.beerfest.repository.RepositoryException: java.sql.SQLException: Column 'beer_type' not found.
01:34:03.875 [http-nio-8089-exec-3] ERROR by.beerfest.command.impl.DeclineVerificationCommand - by.beerfest.service.ServiceException: by.beerfest.repository.RepositoryException: java.sql.SQLException: Column 'beer_type' not found.
01:34:43.081 [http-nio-8089-exec-5] ERROR by.beerfest.command.impl.DeclineVerificationCommand - by.beerfest.service.ServiceException: by.beerfest.repository.RepositoryException: java.sql.SQLException: Column 'beer_type' not found.
01:41:50.135 [http-nio-8089-exec-9] INFO  by.beerfest.command.impl.ExitCommand - User with id(7) logged out
01:41:58.305 [http-nio-8089-exec-2] INFO  by.beerfest.command.impl.LoginCommand - User{id=46, email='e@e', password='e', role=USER, phoneNumber='+37529 1112233', avatar='undefined_user_avatar.png'} logged in
01:42:07.483 [http-nio-8089-exec-6] INFO  by.beerfest.service.impl.ParticipantServiceImpl - Participant registered: User{id=46, email='null', password='null', role=null, phoneNumber='null', avatar='null'}
01:42:10.480 [http-nio-8089-exec-8] INFO  by.beerfest.command.impl.ExitCommand - User with id(46) logged out
01:42:16.369 [http-nio-8089-exec-1] INFO  by.beerfest.command.impl.LoginCommand - User{id=7, email='qwe@qwe', password='q', role=ADMIN, phoneNumber='+37529 2783525', avatar='67f264c1-a8e4-4ea4-993d-a1fa369627e2.jpg'} logged in
01:42:30.719 [http-nio-8089-exec-5] ERROR by.beerfest.command.impl.AcceptVerificationCommand - by.beerfest.service.ServiceException: by.beerfest.repository.RepositoryException: com.mysql.cj.jdbc.exceptions.MysqlDataTruncation: Data truncation: Truncated incorrect DOUBLE value: 'Гибридное'
01:44:51.062 [http-nio-8089-exec-7] ERROR by.beerfest.command.impl.AcceptVerificationCommand - by.beerfest.service.ServiceException: by.beerfest.repository.RepositoryException: com.mysql.cj.jdbc.exceptions.MysqlDataTruncation: Data truncation: Truncated incorrect DOUBLE value: 'Гибридное'
01:47:12.725 [http-nio-8089-exec-6] INFO  by.beerfest.command.impl.LoginCommand - User{id=7, email='qwe@qwe', password='q', role=ADMIN, phoneNumber='+37529 2783525', avatar='67f264c1-a8e4-4ea4-993d-a1fa369627e2.jpg'} logged in
13:18:26.752 [http-nio-8089-exec-7] INFO  by.beerfest.service.impl.RegistrationServiceImpl - Account created: User{id=0, email='y@y', password='y', role=null, phoneNumber='+37529 1112233', avatar='undefined_user_avatar.png'}
13:18:38.128 [http-nio-8089-exec-10] INFO  by.beerfest.command.impl.LoginCommand - User{id=51, email='y@y', password='y', role=USER, phoneNumber='+37529 1112233', avatar='undefined_user_avatar.png'} logged in
13:18:45.331 [http-nio-8089-exec-5] INFO  by.beerfest.service.impl.TicketServiceImpl - User with id( 51) booked tickets: default ticket: 0, medium ticket: 1, large ticket: 0
13:21:51.133 [http-nio-8089-exec-9] INFO  by.beerfest.command.impl.LoginCommand - User{id=47, email='a@a', password='a', role=USER, phoneNumber='+37529 1112233', avatar='undefined_user_avatar.png'} logged in
13:22:04.892 [http-nio-8089-exec-3] INFO  by.beerfest.service.impl.TicketServiceImpl - User with id( 47) booked tickets: default ticket: 0, medium ticket: 1, large ticket: 0
14:06:46.705 [http-nio-8089-exec-7] INFO  by.beerfest.command.impl.LoginCommand - User{id=7, email='qwe@qwe', password='q', role=ADMIN, phoneNumber='+37529 2783525', avatar='67f264c1-a8e4-4ea4-993d-a1fa369627e2.jpg'} logged in
14:22:54.661 [http-nio-8089-exec-6] INFO  by.beerfest.service.impl.RegistrationServiceImpl - Account created: User{id=0, email='b@b', password='b', role=null, phoneNumber='+37529 1112233', avatar='undefined_user_avatar.png'}
14:24:43.536 [http-nio-8089-exec-8] INFO  by.beerfest.service.impl.RegistrationServiceImpl - Account created: User{id=0, email='m@m', password='m', role=null, phoneNumber='+37529 1112233', avatar='undefined_user_avatar.png'}
20:53:49.859 [http-nio-8089-exec-4] INFO  by.beerfest.service.impl.RegistrationServiceImpl - Account created: User{id=54, email='jdsl@mail.com', password='gfch', role=null, phoneNumber='+37529 1234567', avatar='undefined_user_avatar.png'}
20:54:03.424 [http-nio-8089-exec-6] INFO  by.beerfest.command.impl.LoginCommand - User{id=52, email='b@b', password='b', role=USER, phoneNumber='+37529 1112233', avatar='undefined_user_avatar.png'} logged in
20:55:21.050 [http-nio-8089-exec-3] INFO  by.beerfest.service.impl.TicketServiceImpl - User with id( 52) booked tickets: default ticket: 1, medium ticket: 0, large ticket: 0
20:55:52.723 [http-nio-8089-exec-1] INFO  by.beerfest.command.impl.ExitCommand - User with id(52) logged out
20:57:01.843 [http-nio-8089-exec-6] INFO  by.beerfest.service.impl.RegistrationServiceImpl - Account created: User{id=55, email='artem@dsj', password='qwerty', role=null, phoneNumber='+37529 1112233', avatar='undefined_user_avatar.png'}
23:37:14.702 [http-nio-8089-exec-3] INFO  by.beerfest.command.impl.LoginCommand - User{id=7, email='qwe@qwe', password='q', role=ADMIN, phoneNumber='+37529 2783525', avatar='67f264c1-a8e4-4ea4-993d-a1fa369627e2.jpg'} logged in
00:07:24.943 [http-nio-8089-exec-6] INFO  by.beerfest.command.impl.LoginCommand - User{id=7, email='qwe@qwe', password='q', role=ADMIN, phoneNumber='+37529 2783 ', avatar='67f264c1-a8e4-4ea4-993d-a1fa369627e2.jpg'} logged in
00:19:02.457 [http-nio-8089-exec-4] INFO  by.beerfest.command.impl.LoginCommand - User{id=7, email='qwe@qwe', password='q', role=ADMIN, phoneNumber='+37529 2783529', avatar='67f264c1-a8e4-4ea4-993d-a1fa369627e2.jpg'} logged in
00:35:47.991 [http-nio-8089-exec-6] INFO  by.beerfest.service.impl.RegistrationServiceImpl - Account created: User{id=56, email='h@h', password='h', role=null, phoneNumber='+37529 1112233', avatar='undefined_user_avatar.png'}
00:35:53.605 [http-nio-8089-exec-8] INFO  by.beerfest.command.impl.LoginCommand - User{id=56, email='h@h', password='h', role=USER, phoneNumber='+37529 1112233', avatar='undefined_user_avatar.png'} logged in
00:36:00.770 [http-nio-8089-exec-2] INFO  by.beerfest.command.impl.ExitCommand - User with id(56) logged out
00:36:21.984 [http-nio-8089-exec-7] INFO  by.beerfest.command.impl.LoginCommand - User{id=52, email='b@b', password='b', role=GUEST, phoneNumber='+37529 1112233', avatar='undefined_user_avatar.png'} logged in
00:36:24.876 [http-nio-8089-exec-9] INFO  by.beerfest.command.impl.ExitCommand - User with id(52) logged out
00:36:44.427 [http-nio-8089-exec-4] INFO  by.beerfest.service.impl.RegistrationServiceImpl - Account created: User{id=57, email='z@z', password='z', role=null, phoneNumber='+37529 1112233', avatar='undefined_user_avatar.png'}
00:36:49.653 [http-nio-8089-exec-6] INFO  by.beerfest.command.impl.LoginCommand - User{id=57, email='z@z', password='z', role=USER, phoneNumber='+37529 1112233', avatar='undefined_user_avatar.png'} logged in
00:36:57.351 [http-nio-8089-exec-9] ERROR by.beerfest.command.impl.ParticipantCommand - by.beerfest.service.ServiceException: by.beerfest.repository.RepositoryException: java.sql.SQLIntegrityConstraintViolationException: Cannot add or update a child row: a foreign key constraint fails (`beerfest`.`participant_beer`, CONSTRAINT `iduser` FOREIGN KEY (`id_user`) REFERENCES `participant` (`id_user`) ON DELETE CASCADE ON UPDATE CASCADE)
00:37:11.074 [http-nio-8089-exec-10] ERROR by.beerfest.command.impl.ParticipantCommand - by.beerfest.service.ServiceException: by.beerfest.repository.RepositoryException: java.sql.SQLIntegrityConstraintViolationException: Cannot add or update a child row: a foreign key constraint fails (`beerfest`.`participant_beer`, CONSTRAINT `iduser` FOREIGN KEY (`id_user`) REFERENCES `participant` (`id_user`) ON DELETE CASCADE ON UPDATE CASCADE)
00:37:42.799 [http-nio-8089-exec-1] ERROR by.beerfest.command.impl.ParticipantCommand - by.beerfest.service.ServiceException: by.beerfest.repository.RepositoryException: java.sql.SQLIntegrityConstraintViolationException: Cannot add or update a child row: a foreign key constraint fails (`beerfest`.`participant_beer`, CONSTRAINT `iduser` FOREIGN KEY (`id_user`) REFERENCES `participant` (`id_user`) ON DELETE CASCADE ON UPDATE CASCADE)
00:38:07.397 [http-nio-8089-exec-2] ERROR by.beerfest.command.impl.ParticipantCommand - by.beerfest.service.ServiceException: by.beerfest.repository.RepositoryException: java.sql.SQLIntegrityConstraintViolationException: Cannot add or update a child row: a foreign key constraint fails (`beerfest`.`participant_beer`, CONSTRAINT `iduser` FOREIGN KEY (`id_user`) REFERENCES `participant` (`id_user`) ON DELETE CASCADE ON UPDATE CASCADE)
00:40:03.344 [http-nio-8089-exec-4] ERROR by.beerfest.command.impl.ParticipantCommand - by.beerfest.service.ServiceException: by.beerfest.repository.RepositoryException: java.sql.SQLIntegrityConstraintViolationException: Cannot add or update a child row: a foreign key constraint fails (`beerfest`.`participant_beer`, CONSTRAINT `iduser` FOREIGN KEY (`id_user`) REFERENCES `participant` (`id_user`) ON DELETE CASCADE ON UPDATE CASCADE)
00:40:29.619 [http-nio-8089-exec-6] INFO  by.beerfest.service.impl.ParticipantServiceImpl - Participant registered: User{id=57, email='null', password='null', role=null, phoneNumber='null', avatar='null'}
00:40:45.263 [http-nio-8089-exec-7] INFO  by.beerfest.command.impl.ExitCommand - User with id(57) logged out
00:41:03.133 [http-nio-8089-exec-9] INFO  by.beerfest.command.impl.LoginCommand - User{id=7, email='qwe@qwe', password='q', role=ADMIN, phoneNumber='+37529 278112131', avatar='67f264c1-a8e4-4ea4-993d-a1fa369627e2.jpg'} logged in
00:42:02.708 [http-nio-8089-exec-5] INFO  by.beerfest.command.impl.ExitCommand - User with id(7) logged out
00:42:12.690 [http-nio-8089-exec-7] INFO  by.beerfest.command.impl.LoginCommand - User{id=52, email='b@b', password='b', role=GUEST, phoneNumber='+37529 1112233', avatar='undefined_user_avatar.png'} logged in
00:42:16.284 [http-nio-8089-exec-9] INFO  by.beerfest.command.impl.ExitCommand - User with id(52) logged out
00:42:35.905 [http-nio-8089-exec-1] INFO  by.beerfest.command.impl.LoginCommand - User{id=48, email='s@s', password='s', role=USER, phoneNumber='+37529 1112233', avatar='undefined_user_avatar.png'} logged in
00:42:41.046 [http-nio-8089-exec-5] INFO  by.beerfest.service.impl.TicketServiceImpl - User with id( 48) booked tickets: default ticket: 0, medium ticket: 1, large ticket: 0
00:46:14.920 [http-nio-8089-exec-7] INFO  by.beerfest.command.impl.ExitCommand - User with id(48) logged out
00:46:23.016 [http-nio-8089-exec-9] INFO  by.beerfest.command.impl.LoginCommand - User{id=49, email='d@d', password='d', role=USER, phoneNumber='+37529 1112233', avatar='undefined_user_avatar.png'} logged in
00:46:33.221 [http-nio-8089-exec-3] INFO  by.beerfest.service.impl.ParticipantServiceImpl - Participant registered: User{id=49, email='null', password='null', role=null, phoneNumber='null', avatar='null'}
00:46:35.801 [http-nio-8089-exec-2] INFO  by.beerfest.command.impl.ExitCommand - User with id(49) logged out
00:46:41.591 [http-nio-8089-exec-5] INFO  by.beerfest.command.impl.LoginCommand - User{id=7, email='qwe@qwe', password='q', role=ADMIN, phoneNumber='+37529 278112131', avatar='67f264c1-a8e4-4ea4-993d-a1fa369627e2.jpg'} logged in
00:50:11.811 [http-nio-8089-exec-5] INFO  by.beerfest.command.impl.LoginCommand - User{id=7, email='qwe@qwe', password='q', role=ADMIN, phoneNumber='+37529 278112131', avatar='67f264c1-a8e4-4ea4-993d-a1fa369627e2.jpg'} logged in
00:50:24.510 [http-nio-8089-exec-8] INFO  by.beerfest.command.impl.ExitCommand - User with id(7) logged out
00:50:37.811 [http-nio-8089-exec-10] INFO  by.beerfest.command.impl.LoginCommand - User{id=50, email='g@g', password='g', role=USER, phoneNumber='+37529 1112233', avatar='undefined_user_avatar.png'} logged in
00:50:42.986 [http-nio-8089-exec-2] INFO  by.beerfest.service.impl.ParticipantServiceImpl - Participant registered: User{id=50, email='null', password='null', role=null, phoneNumber='null', avatar='null'}
00:50:43.867 [http-nio-8089-exec-4] INFO  by.beerfest.command.impl.ExitCommand - User with id(50) logged out
00:50:47.758 [http-nio-8089-exec-6] INFO  by.beerfest.command.impl.LoginCommand - User{id=50, email='g@g', password='g', role=PARTICIPANT, phoneNumber='+37529 1112233', avatar='undefined_user_avatar.png'} logged in
00:50:51.430 [http-nio-8089-exec-8] INFO  by.beerfest.command.impl.ExitCommand - User with id(50) logged out
00:50:56.257 [http-nio-8089-exec-10] INFO  by.beerfest.command.impl.LoginCommand - User{id=7, email='qwe@qwe', password='q', role=ADMIN, phoneNumber='+37529 278112131', avatar='67f264c1-a8e4-4ea4-993d-a1fa369627e2.jpg'} logged in
00:52:13.306 [http-nio-8089-exec-5] INFO  by.beerfest.command.impl.ExitCommand - User with id(7) logged out
00:52:19.386 [http-nio-8089-exec-7] INFO  by.beerfest.command.impl.LoginCommand - User{id=56, email='h@h', password='h', role=USER, phoneNumber='+37529 1112233', avatar='undefined_user_avatar.png'} logged in
00:52:26.208 [http-nio-8089-exec-10] INFO  by.beerfest.service.impl.ParticipantServiceImpl - Participant registered: User{id=56, email='null', password='null', role=null, phoneNumber='null', avatar='null'}
00:52:27.315 [http-nio-8089-exec-1] INFO  by.beerfest.command.impl.ExitCommand - User with id(56) logged out
00:52:32.443 [http-nio-8089-exec-2] INFO  by.beerfest.command.impl.LoginCommand - User{id=56, email='h@h', password='h', role=PARTICIPANT, phoneNumber='+37529 1112233', avatar='undefined_user_avatar.png'} logged in
00:52:36.066 [http-nio-8089-exec-5] INFO  by.beerfest.command.impl.ExitCommand - User with id(56) logged out
00:52:43.110 [http-nio-8089-exec-7] INFO  by.beerfest.command.impl.LoginCommand - User{id=7, email='qwe@qwe', password='q', role=ADMIN, phoneNumber='+37529 278112131', avatar='67f264c1-a8e4-4ea4-993d-a1fa369627e2.jpg'} logged in
00:53:30.559 [http-nio-8089-exec-3] INFO  by.beerfest.command.impl.ExitCommand - User with id(7) logged out
00:53:46.076 [http-nio-8089-exec-4] INFO  by.beerfest.command.impl.LoginCommand - User{id=45, email='ilya@ilya', password='q', role=USER, phoneNumber='+37529 1211111', avatar='129c241a-c53e-4d1a-97b0-7ac8ac314075.jpg'} logged in
00:53:55.550 [http-nio-8089-exec-8] INFO  by.beerfest.service.impl.ParticipantServiceImpl - Participant registered: User{id=45, email='null', password='null', role=null, phoneNumber='null', avatar='null'}
00:53:56.917 [http-nio-8089-exec-9] INFO  by.beerfest.command.impl.ExitCommand - User with id(45) logged out
00:54:03.317 [http-nio-8089-exec-1] INFO  by.beerfest.command.impl.LoginCommand - User{id=7, email='qwe@qwe', password='q', role=ADMIN, phoneNumber='+37529 278112131', avatar='67f264c1-a8e4-4ea4-993d-a1fa369627e2.jpg'} logged in
01:00:14.005 [http-nio-8089-exec-6] INFO  by.beerfest.command.impl.ExitCommand - User with id(7) logged out
01:00:25.840 [http-nio-8089-exec-8] INFO  by.beerfest.service.impl.RegistrationServiceImpl - Account created: User{id=58, email='t@t', password='t', role=null, phoneNumber='+37529 1112233', avatar='undefined_user_avatar.png'}
01:00:33.947 [http-nio-8089-exec-10] INFO  by.beerfest.command.impl.LoginCommand - User{id=58, email='t@t', password='t', role=USER, phoneNumber='+37529 1112233', avatar='undefined_user_avatar.png'} logged in
01:00:39.864 [http-nio-8089-exec-3] INFO  by.beerfest.command.impl.ExitCommand - User with id(58) logged out
01:00:46.423 [http-nio-8089-exec-4] INFO  by.beerfest.command.impl.LoginCommand - User{id=7, email='qwe@qwe', password='q', role=ADMIN, phoneNumber='+37529 278112131', avatar='67f264c1-a8e4-4ea4-993d-a1fa369627e2.jpg'} logged in
01:00:54.212 [http-nio-8089-exec-7] INFO  by.beerfest.service.impl.CreateServiceImpl - Place(Территория №0 Места = 8, размер = Маленький) created
01:01:03.933 [http-nio-8089-exec-8] INFO  by.beerfest.service.impl.CreateServiceImpl - Place(Территория №0 Места = 13, размер = Средний) created
01:01:08.232 [http-nio-8089-exec-9] INFO  by.beerfest.service.impl.CreateServiceImpl - Place(Территория №0 Места = 19, размер = Большой) created
01:01:09.669 [http-nio-8089-exec-10] INFO  by.beerfest.command.impl.ExitCommand - User with id(7) logged out
01:01:15.728 [http-nio-8089-exec-3] INFO  by.beerfest.command.impl.LoginCommand - User{id=58, email='t@t', password='t', role=USER, phoneNumber='+37529 1112233', avatar='undefined_user_avatar.png'} logged in
01:01:20.312 [http-nio-8089-exec-5] INFO  by.beerfest.service.impl.ParticipantServiceImpl - Participant registered: User{id=58, email='null', password='null', role=null, phoneNumber='null', avatar='null'}
15:14:26.451 [http-nio-8089-exec-10] INFO  by.beerfest.command.impl.LoginCommand - User{id=7, email='qwe@qwe', password='q', role=ADMIN, phoneNumber='+37529 278112131', avatar='67f264c1-a8e4-4ea4-993d-a1fa369627e2.jpg'} logged in
15:17:46.521 [http-nio-8089-exec-5] INFO  by.beerfest.command.impl.LoginCommand - User{id=7, email='qwe@qwe', password='q', role=ADMIN, phoneNumber='+37529 278112131', avatar='67f264c1-a8e4-4ea4-993d-a1fa369627e2.jpg'} logged in
15:33:13.182 [http-nio-8089-exec-1] INFO  by.beerfest.command.impl.LoginCommand - User{id=7, email='qwe@qwe', password='q', role=ADMIN, phoneNumber='+37529 278112131', avatar='67f264c1-a8e4-4ea4-993d-a1fa369627e2.jpg'} logged in
15:38:33.182 [http-nio-8089-exec-16] INFO  by.beerfest.command.impl.ExitCommand - User with id(7) logged out
15:39:15.657 [http-nio-8089-exec-11] INFO  by.beerfest.service.impl.RegistrationServiceImpl - Account created: User{id=59, email='k@k', password='k', role=null, phoneNumber='+37529 1112233', avatar='undefined_user_avatar.png'}
15:39:22.050 [http-nio-8089-exec-12] INFO  by.beerfest.command.impl.LoginCommand - User{id=59, email='k@k', password='k', role=USER, phoneNumber='+37529 1112233', avatar='undefined_user_avatar.png'} logged in
15:39:34.124 [http-nio-8089-exec-15] INFO  by.beerfest.service.impl.TicketServiceImpl - User with id( 59) booked tickets: default ticket: 2, medium ticket: 0, large ticket: 0
00:58:38.070 [http-nio-8089-exec-5] INFO  by.beerfest.command.impl.LoginCommand - User{id=7, email='qwe@qwe', password='q', role=ADMIN, phoneNumber='+37529 278112131', avatar='67f264c1-a8e4-4ea4-993d-a1fa369627e2.jpg'} logged in
00:59:47.210 [http-nio-8089-exec-1] INFO  by.beerfest.command.impl.LoginCommand - User{id=7, email='qwe@qwe', password='q', role=ADMIN, phoneNumber='+37529 278112131', avatar='67f264c1-a8e4-4ea4-993d-a1fa369627e2.jpg'} logged in
01:55:24.766 [http-nio-8089-exec-5] INFO  by.beerfest.service.impl.RegistrationServiceImpl - Account created: User{id=60, email='i@i', password='i', role=null, phoneNumber='+37529 1112233', avatar='undefined_user_avatar.png'}
01:55:42.370 [http-nio-8089-exec-8] INFO  by.beerfest.command.impl.LoginCommand - User{id=60, email='i@i', password='i', role=USER, phoneNumber='+37529 1112233', avatar='undefined_user_avatar.png'} logged in
02:10:02.251 [http-nio-8089-exec-7] INFO  by.beerfest.command.impl.LoginCommand - User{id=48, email='s@s', password='s', role=GUEST, phoneNumber='+37529 1112233', avatar='undefined_user_avatar.png'} logged in
02:13:12.457 [http-nio-8089-exec-6] INFO  by.beerfest.command.impl.LoginCommand - User{id=48, email='s@s', password='s', role=GUEST, phoneNumber='+37529 1112233', avatar='undefined_user_avatar.png'} logged in
07:02:43.326 [http-nio-8089-exec-2] INFO  by.beerfest.command.impl.LoginCommand - User{id=60, email='i@i', password='i', role=USER, phoneNumber='+37529 1112233', avatar='undefined_user_avatar.png'} logged in
07:03:15.665 [http-nio-8089-exec-4] INFO  by.beerfest.service.impl.ParticipantServiceImpl - Participant registered: User{id=60, email='null', password='null', role=null, phoneNumber='null', avatar='null'}
07:03:17.292 [http-nio-8089-exec-3] INFO  by.beerfest.command.impl.ExitCommand - User with id(60) logged out
07:03:23.715 [http-nio-8089-exec-6] INFO  by.beerfest.command.impl.LoginCommand - User{id=7, email='qwe@qwe', password='q', role=ADMIN, phoneNumber='+37529 278112131', avatar='67f264c1-a8e4-4ea4-993d-a1fa369627e2.jpg'} logged in
07:22:59.101 [http-nio-8089-exec-6] INFO  by.beerfest.command.impl.LoginCommand - User{id=7, email='qwe@qwe', password='q', role=ADMIN, phoneNumber='+37529 278112131', avatar='67f264c1-a8e4-4ea4-993d-a1fa369627e2.jpg'} logged in
07:24:28.321 [http-nio-8089-exec-5] INFO  by.beerfest.command.impl.ExitCommand - User with id(7) logged out
07:24:37.524 [http-nio-8089-exec-7] INFO  by.beerfest.service.impl.RegistrationServiceImpl - Account created: User{id=61, email='as@as', password='as', role=null, phoneNumber='+37529 1112233', avatar='undefined_user_avatar.png'}
07:24:41.513 [http-nio-8089-exec-9] INFO  by.beerfest.command.impl.LoginCommand - User{id=61, email='as@as', password='as', role=USER, phoneNumber='+37529 1112233', avatar='undefined_user_avatar.png'} logged in
07:25:06.747 [http-nio-8089-exec-2] INFO  by.beerfest.service.impl.TicketServiceImpl - User with id( 61) booked tickets: default ticket: 0, medium ticket: 4, large ticket: 0
08:56:18.234 [http-nio-8089-exec-2] INFO  by.beerfest.command.impl.LoginCommand - User{id=7, email='qwe@qwe', password='q', role=ADMIN, phoneNumber='+37529 278112131', avatar='67f264c1-a8e4-4ea4-993d-a1fa369627e2.jpg'} logged in
15:36:33.882 [http-nio-8089-exec-7] INFO  by.beerfest.service.impl.RegistrationServiceImpl - Account created: User{id=62, email='Q@Q', password='Q', role=null, phoneNumber='+37529 1112233', avatar='undefined_user_avatar.png'}
15:36:42.916 [http-nio-8089-exec-9] INFO  by.beerfest.command.impl.LoginCommand - User{id=62, email='Q@Q', password='Q', role=USER, phoneNumber='+37529 1112233', avatar='undefined_user_avatar.png'} logged in
15:46:57.735 [http-nio-8089-exec-2] ERROR by.beerfest.command.impl.ParticipantCommand - by.beerfest.service.ServiceException: by.beerfest.repository.RepositoryException: java.sql.SQLIntegrityConstraintViolationException: Column 'id_beer' cannot be null
15:48:41.551 [http-nio-8089-exec-5] INFO  by.beerfest.command.impl.LoginCommand - User{id=62, email='Q@Q', password='Q', role=USER, phoneNumber='+37529 1112233', avatar='undefined_user_avatar.png'} logged in
16:00:21.443 [http-nio-8089-exec-7] ERROR by.beerfest.command.impl.BecomeParticipantCommand - by.beerfest.service.ServiceException: by.beerfest.repository.RepositoryException: java.sql.SQLIntegrityConstraintViolationException: Column 'id_beer' cannot be null
16:01:56.815 [http-nio-8089-exec-8] ERROR by.beerfest.command.impl.BecomeParticipantCommand - by.beerfest.service.ServiceException: by.beerfest.repository.RepositoryException: java.sql.SQLIntegrityConstraintViolationException: Column 'id_beer' cannot be null
16:14:45.014 [http-nio-8089-exec-6] INFO  by.beerfest.command.impl.LoginCommand - User{id=62, email='Q@Q', password='Q', role=USER, phoneNumber='+37529 1112233', avatar='undefined_user_avatar.png'} logged in
16:15:46.945 [http-nio-8089-exec-10] ERROR by.beerfest.command.impl.BecomeParticipantCommand - by.beerfest.service.ServiceException: by.beerfest.repository.RepositoryException: java.sql.SQLIntegrityConstraintViolationException: Column 'id_beer' cannot be null
16:16:29.930 [http-nio-8089-exec-1] ERROR by.beerfest.command.impl.BecomeParticipantCommand - by.beerfest.service.ServiceException: by.beerfest.repository.RepositoryException: java.sql.SQLIntegrityConstraintViolationException: Column 'id_beer' cannot be null
16:40:39.485 [http-nio-8089-exec-7] INFO  by.beerfest.service.impl.RegistrationServiceImpl - Account created: User{id=63, email='ew@ew', password='ew', role=null, phoneNumber='+37529 1112233', avatar='undefined_user_avatar.png'}
16:40:44.284 [http-nio-8089-exec-9] INFO  by.beerfest.command.impl.LoginCommand - User{id=63, email='ew@ew', password='ew', role=USER, phoneNumber='+37529 1112233', avatar='undefined_user_avatar.png'} logged in
01:13:27.190 [http-nio-8089-exec-8] INFO  by.beerfest.service.impl.RegistrationServiceImpl - Account created: User{id=64, email='tr@tr', password='tr', role=null, phoneNumber='+375291112233', avatar='undefined_user_avatar.png'}
01:13:34.991 [http-nio-8089-exec-10] INFO  by.beerfest.command.impl.LoginCommand - User{id=64, email='tr@tr', password='tr', role=USER, phoneNumber='+375291112233', avatar='undefined_user_avatar.png'} logged in
01:14:34.711 [http-nio-8089-exec-9] INFO  by.beerfest.command.impl.ExitCommand - User with id(64) logged out
01:14:41.166 [http-nio-8089-exec-1] INFO  by.beerfest.command.impl.LoginCommand - User{id=7, email='qwe@qwe', password='q', role=ADMIN, phoneNumber='+37529 278112131', avatar='67f264c1-a8e4-4ea4-993d-a1fa369627e2.jpg'} logged in
01:15:27.218 [http-nio-8089-exec-1] INFO  by.beerfest.service.impl.CreateServiceImpl - Place(Территория №0 Места = 10, размер = Маленький) created
01:15:30.197 [http-nio-8089-exec-3] INFO  by.beerfest.command.impl.ExitCommand - User with id(7) logged out
01:15:35.977 [http-nio-8089-exec-5] INFO  by.beerfest.command.impl.LoginCommand - User{id=64, email='tr@tr', password='tr', role=USER, phoneNumber='+375291112233', avatar='undefined_user_avatar.png'} logged in
01:19:50.918 [http-nio-8089-exec-4] INFO  by.beerfest.command.impl.LoginCommand - User{id=7, email='qwe@qwe', password='q', role=ADMIN, phoneNumber='+37529 278112131', avatar='67f264c1-a8e4-4ea4-993d-a1fa369627e2.jpg'} logged in
01:20:45.773 [http-nio-8089-exec-8] INFO  by.beerfest.service.impl.CreateServiceImpl - Place(Территория №0 Места = 7, тип = Средний) created
01:25:27.250 [http-nio-8089-exec-3] INFO  by.beerfest.command.impl.ExitCommand - User with id(7) logged out
01:25:33.099 [http-nio-8089-exec-4] INFO  by.beerfest.command.impl.LoginCommand - User{id=64, email='tr@tr', password='tr', role=USER, phoneNumber='+375291112233', avatar='undefined_user_avatar.png'} logged in
01:31:03.280 [http-nio-8089-exec-7] INFO  by.beerfest.command.impl.LoginCommand - User{id=64, email='tr@tr', password='tr', role=USER, phoneNumber='+375291112233', avatar='undefined_user_avatar.png'} logged in
02:06:58.370 [http-nio-8089-exec-5] INFO  by.beerfest.command.impl.LoginCommand - User{id=64, email='tr@tr', password='tr', role=USER, phoneNumber='+375291112233', avatar='undefined_user_avatar.png'} logged in
12:15:09.463 [http-nio-8089-exec-7] INFO  by.beerfest.service.impl.RegistrationServiceImpl - Account created: User{id=65, email='fd@fd', password='fd', role=null, phoneNumber='+37529 1112233', avatar='undefined_user_avatar.png'}
12:15:18.995 [http-nio-8089-exec-10] INFO  by.beerfest.command.impl.LoginCommand - User{id=65, email='fd@fd', password='fd', role=USER, phoneNumber='+37529 1112233', avatar='undefined_user_avatar.png'} logged in
